Linked: (/home/rhomni/bax_ws/bax_local/devel/.private/jerky_mov/share/jerky_mov/docs/armConfig.wikidoc, /home/rhomni/bax_ws/bax_local/devel/share/jerky_mov/docs/armConfig.wikidoc)
Linked: (/home/rhomni/bax_ws/bax_local/devel/.private/jerky_mov/share/jerky_mov/docs/armConfig.dox, /home/rhomni/bax_ws/bax_local/devel/share/jerky_mov/docs/armConfig.dox)
Linked: (/home/rhomni/bax_ws/bax_local/devel/.private/jerky_mov/share/jerky_mov/docs/armConfig-usage.dox, /home/rhomni/bax_ws/bax_local/devel/share/jerky_mov/docs/armConfig-usage.dox)
Linked: (/home/rhomni/bax_ws/bax_local/devel/.private/jerky_mov/share/jerky_mov/cmake/jerky_mov-msg-paths.cmake, /home/rhomni/bax_ws/bax_local/devel/share/jerky_mov/cmake/jerky_mov-msg-paths.cmake)
Linked: (/home/rhomni/bax_ws/bax_local/devel/.private/jerky_mov/share/jerky_mov/cmake/jerky_movConfig.cmake, /home/rhomni/bax_ws/bax_local/devel/share/jerky_mov/cmake/jerky_movConfig.cmake)
Linked: (/home/rhomni/bax_ws/bax_local/devel/.private/jerky_mov/share/jerky_mov/cmake/jerky_mov-msg-extras.cmake, /home/rhomni/bax_ws/bax_local/devel/share/jerky_mov/cmake/jerky_mov-msg-extras.cmake)
Linked: (/home/rhomni/bax_ws/bax_local/devel/.private/jerky_mov/share/jerky_mov/cmake/jerky_movConfig-version.cmake, /home/rhomni/bax_ws/bax_local/devel/share/jerky_mov/cmake/jerky_movConfig-version.cmake)
Linked: (/home/rhomni/bax_ws/bax_local/devel/.private/jerky_mov/share/jerky_mov/msg/move_arm_jointsGoal.msg, /home/rhomni/bax_ws/bax_local/devel/share/jerky_mov/msg/move_arm_jointsGoal.msg)
Linked: (/home/rhomni/bax_ws/bax_local/devel/.private/jerky_mov/share/jerky_mov/msg/move_arm_jointsAction.msg, /home/rhomni/bax_ws/bax_local/devel/share/jerky_mov/msg/move_arm_jointsAction.msg)
Linked: (/home/rhomni/bax_ws/bax_local/devel/.private/jerky_mov/share/jerky_mov/msg/move_arm_jointsActionResult.msg, /home/rhomni/bax_ws/bax_local/devel/share/jerky_mov/msg/move_arm_jointsActionResult.msg)
Linked: (/home/rhomni/bax_ws/bax_local/devel/.private/jerky_mov/share/jerky_mov/msg/move_arm_jointsActionGoal.msg, /home/rhomni/bax_ws/bax_local/devel/share/jerky_mov/msg/move_arm_jointsActionGoal.msg)
Linked: (/home/rhomni/bax_ws/bax_local/devel/.private/jerky_mov/share/jerky_mov/msg/move_arm_jointsResult.msg, /home/rhomni/bax_ws/bax_local/devel/share/jerky_mov/msg/move_arm_jointsResult.msg)
Linked: (/home/rhomni/bax_ws/bax_local/devel/.private/jerky_mov/share/jerky_mov/msg/move_arm_jointsActionFeedback.msg, /home/rhomni/bax_ws/bax_local/devel/share/jerky_mov/msg/move_arm_jointsActionFeedback.msg)
Linked: (/home/rhomni/bax_ws/bax_local/devel/.private/jerky_mov/share/jerky_mov/msg/move_arm_jointsFeedback.msg, /home/rhomni/bax_ws/bax_local/devel/share/jerky_mov/msg/move_arm_jointsFeedback.msg)
Linked: (/home/rhomni/bax_ws/bax_local/devel/.private/jerky_mov/share/common-lisp/ros/jerky_mov/msg/move_arm_jointsResult.lisp, /home/rhomni/bax_ws/bax_local/devel/share/common-lisp/ros/jerky_mov/msg/move_arm_jointsResult.lisp)
Linked: (/home/rhomni/bax_ws/bax_local/devel/.private/jerky_mov/share/common-lisp/ros/jerky_mov/msg/move_arm_jointsAction.lisp, /home/rhomni/bax_ws/bax_local/devel/share/common-lisp/ros/jerky_mov/msg/move_arm_jointsAction.lisp)
Linked: (/home/rhomni/bax_ws/bax_local/devel/.private/jerky_mov/share/common-lisp/ros/jerky_mov/msg/move_arm_jointsActionResult.lisp, /home/rhomni/bax_ws/bax_local/devel/share/common-lisp/ros/jerky_mov/msg/move_arm_jointsActionResult.lisp)
Linked: (/home/rhomni/bax_ws/bax_local/devel/.private/jerky_mov/share/common-lisp/ros/jerky_mov/msg/_package_move_arm_jointsActionResult.lisp, /home/rhomni/bax_ws/bax_local/devel/share/common-lisp/ros/jerky_mov/msg/_package_move_arm_jointsActionResult.lisp)
Linked: (/home/rhomni/bax_ws/bax_local/devel/.private/jerky_mov/share/common-lisp/ros/jerky_mov/msg/_package_move_arm_jointsGoal.lisp, /home/rhomni/bax_ws/bax_local/devel/share/common-lisp/ros/jerky_mov/msg/_package_move_arm_jointsGoal.lisp)
Linked: (/home/rhomni/bax_ws/bax_local/devel/.private/jerky_mov/share/common-lisp/ros/jerky_mov/msg/_package_move_arm_jointsActionFeedback.lisp, /home/rhomni/bax_ws/bax_local/devel/share/common-lisp/ros/jerky_mov/msg/_package_move_arm_jointsActionFeedback.lisp)
Linked: (/home/rhomni/bax_ws/bax_local/devel/.private/jerky_mov/share/common-lisp/ros/jerky_mov/msg/_package_move_arm_jointsActionGoal.lisp, /home/rhomni/bax_ws/bax_local/devel/share/common-lisp/ros/jerky_mov/msg/_package_move_arm_jointsActionGoal.lisp)
Linked: (/home/rhomni/bax_ws/bax_local/devel/.private/jerky_mov/share/common-lisp/ros/jerky_mov/msg/move_arm_jointsFeedback.lisp, /home/rhomni/bax_ws/bax_local/devel/share/common-lisp/ros/jerky_mov/msg/move_arm_jointsFeedback.lisp)
Linked: (/home/rhomni/bax_ws/bax_local/devel/.private/jerky_mov/share/common-lisp/ros/jerky_mov/msg/move_arm_jointsActionFeedback.lisp, /home/rhomni/bax_ws/bax_local/devel/share/common-lisp/ros/jerky_mov/msg/move_arm_jointsActionFeedback.lisp)
Linked: (/home/rhomni/bax_ws/bax_local/devel/.private/jerky_mov/share/common-lisp/ros/jerky_mov/msg/_package_move_arm_jointsAction.lisp, /home/rhomni/bax_ws/bax_local/devel/share/common-lisp/ros/jerky_mov/msg/_package_move_arm_jointsAction.lisp)
Linked: (/home/rhomni/bax_ws/bax_local/devel/.private/jerky_mov/share/common-lisp/ros/jerky_mov/msg/jerky_mov-msg.asd, /home/rhomni/bax_ws/bax_local/devel/share/common-lisp/ros/jerky_mov/msg/jerky_mov-msg.asd)
Linked: (/home/rhomni/bax_ws/bax_local/devel/.private/jerky_mov/share/common-lisp/ros/jerky_mov/msg/move_arm_jointsGoal.lisp, /home/rhomni/bax_ws/bax_local/devel/share/common-lisp/ros/jerky_mov/msg/move_arm_jointsGoal.lisp)
Linked: (/home/rhomni/bax_ws/bax_local/devel/.private/jerky_mov/share/common-lisp/ros/jerky_mov/msg/move_arm_jointsActionGoal.lisp, /home/rhomni/bax_ws/bax_local/devel/share/common-lisp/ros/jerky_mov/msg/move_arm_jointsActionGoal.lisp)
Linked: (/home/rhomni/bax_ws/bax_local/devel/.private/jerky_mov/share/common-lisp/ros/jerky_mov/msg/_package_move_arm_jointsFeedback.lisp, /home/rhomni/bax_ws/bax_local/devel/share/common-lisp/ros/jerky_mov/msg/_package_move_arm_jointsFeedback.lisp)
Linked: (/home/rhomni/bax_ws/bax_local/devel/.private/jerky_mov/share/common-lisp/ros/jerky_mov/msg/_package.lisp, /home/rhomni/bax_ws/bax_local/devel/share/common-lisp/ros/jerky_mov/msg/_package.lisp)
Linked: (/home/rhomni/bax_ws/bax_local/devel/.private/jerky_mov/share/common-lisp/ros/jerky_mov/msg/_package_move_arm_jointsResult.lisp, /home/rhomni/bax_ws/bax_local/devel/share/common-lisp/ros/jerky_mov/msg/_package_move_arm_jointsResult.lisp)
Linked: (/home/rhomni/bax_ws/bax_local/devel/.private/jerky_mov/include/jerky_mov/move_arm_jointsActionResult.h, /home/rhomni/bax_ws/bax_local/devel/include/jerky_mov/move_arm_jointsActionResult.h)
Linked: (/home/rhomni/bax_ws/bax_local/devel/.private/jerky_mov/include/jerky_mov/move_arm_jointsGoal.h, /home/rhomni/bax_ws/bax_local/devel/include/jerky_mov/move_arm_jointsGoal.h)
Linked: (/home/rhomni/bax_ws/bax_local/devel/.private/jerky_mov/include/jerky_mov/move_arm_jointsFeedback.h, /home/rhomni/bax_ws/bax_local/devel/include/jerky_mov/move_arm_jointsFeedback.h)
Linked: (/home/rhomni/bax_ws/bax_local/devel/.private/jerky_mov/include/jerky_mov/move_arm_jointsActionFeedback.h, /home/rhomni/bax_ws/bax_local/devel/include/jerky_mov/move_arm_jointsActionFeedback.h)
Linked: (/home/rhomni/bax_ws/bax_local/devel/.private/jerky_mov/include/jerky_mov/move_arm_jointsAction.h, /home/rhomni/bax_ws/bax_local/devel/include/jerky_mov/move_arm_jointsAction.h)
Linked: (/home/rhomni/bax_ws/bax_local/devel/.private/jerky_mov/include/jerky_mov/move_arm_jointsResult.h, /home/rhomni/bax_ws/bax_local/devel/include/jerky_mov/move_arm_jointsResult.h)
Linked: (/home/rhomni/bax_ws/bax_local/devel/.private/jerky_mov/include/jerky_mov/armConfig.h, /home/rhomni/bax_ws/bax_local/devel/include/jerky_mov/armConfig.h)
Linked: (/home/rhomni/bax_ws/bax_local/devel/.private/jerky_mov/include/jerky_mov/move_arm_jointsActionGoal.h, /home/rhomni/bax_ws/bax_local/devel/include/jerky_mov/move_arm_jointsActionGoal.h)
Linked: (/home/rhomni/bax_ws/bax_local/devel/.private/jerky_mov/lib/python2.7/dist-packages/jerky_mov/__init__.py, /home/rhomni/bax_ws/bax_local/devel/lib/python2.7/dist-packages/jerky_mov/__init__.py)
Linked: (/home/rhomni/bax_ws/bax_local/devel/.private/jerky_mov/lib/python2.7/dist-packages/jerky_mov/cfg/armConfig.py, /home/rhomni/bax_ws/bax_local/devel/lib/python2.7/dist-packages/jerky_mov/cfg/armConfig.py)
Linked: (/home/rhomni/bax_ws/bax_local/devel/.private/jerky_mov/lib/python2.7/dist-packages/jerky_mov/cfg/__init__.py, /home/rhomni/bax_ws/bax_local/devel/lib/python2.7/dist-packages/jerky_mov/cfg/__init__.py)
Linked: (/home/rhomni/bax_ws/bax_local/devel/.private/jerky_mov/lib/python2.7/dist-packages/jerky_mov/msg/_move_arm_jointsActionGoal.py, /home/rhomni/bax_ws/bax_local/devel/lib/python2.7/dist-packages/jerky_mov/msg/_move_arm_jointsActionGoal.py)
Linked: (/home/rhomni/bax_ws/bax_local/devel/.private/jerky_mov/lib/python2.7/dist-packages/jerky_mov/msg/_move_arm_jointsGoal.py, /home/rhomni/bax_ws/bax_local/devel/lib/python2.7/dist-packages/jerky_mov/msg/_move_arm_jointsGoal.py)
Linked: (/home/rhomni/bax_ws/bax_local/devel/.private/jerky_mov/lib/python2.7/dist-packages/jerky_mov/msg/_move_arm_jointsActionResult.py, /home/rhomni/bax_ws/bax_local/devel/lib/python2.7/dist-packages/jerky_mov/msg/_move_arm_jointsActionResult.py)
Linked: (/home/rhomni/bax_ws/bax_local/devel/.private/jerky_mov/lib/python2.7/dist-packages/jerky_mov/msg/_move_arm_jointsAction.py, /home/rhomni/bax_ws/bax_local/devel/lib/python2.7/dist-packages/jerky_mov/msg/_move_arm_jointsAction.py)
Linked: (/home/rhomni/bax_ws/bax_local/devel/.private/jerky_mov/lib/python2.7/dist-packages/jerky_mov/msg/_move_arm_jointsResult.py, /home/rhomni/bax_ws/bax_local/devel/lib/python2.7/dist-packages/jerky_mov/msg/_move_arm_jointsResult.py)
Linked: (/home/rhomni/bax_ws/bax_local/devel/.private/jerky_mov/lib/python2.7/dist-packages/jerky_mov/msg/__init__.py, /home/rhomni/bax_ws/bax_local/devel/lib/python2.7/dist-packages/jerky_mov/msg/__init__.py)
Linked: (/home/rhomni/bax_ws/bax_local/devel/.private/jerky_mov/lib/python2.7/dist-packages/jerky_mov/msg/_move_arm_jointsFeedback.py, /home/rhomni/bax_ws/bax_local/devel/lib/python2.7/dist-packages/jerky_mov/msg/_move_arm_jointsFeedback.py)
Linked: (/home/rhomni/bax_ws/bax_local/devel/.private/jerky_mov/lib/python2.7/dist-packages/jerky_mov/msg/_move_arm_jointsActionFeedback.py, /home/rhomni/bax_ws/bax_local/devel/lib/python2.7/dist-packages/jerky_mov/msg/_move_arm_jointsActionFeedback.py)
Linked: (/home/rhomni/bax_ws/bax_local/devel/.private/jerky_mov/lib/pkgconfig/jerky_mov.pc, /home/rhomni/bax_ws/bax_local/devel/lib/pkgconfig/jerky_mov.pc)
